<?xml version="1.0" encoding="UTF-8"?>
<!-- Generated by org.testng.reporters.JUnitReportReporter -->
<testsuite hostname="Vicky" failures="0" tests="1" name="S3_StgSettingsNegativeScenarios.AccountUpdationTest" time="10.566" errors="0" timestamp="2023-11-17T12:43:30 IST" skipped="0">
  <testcase classname="S3_StgSettingsNegativeScenarios.AccountUpdationTest" name="accountUpdationTest" time="10.566"/>
  <system-out/>
</testsuite> <!-- S3_StgSettingsNegativeScenarios.AccountUpdationTest -->
