<?xml version="1.0" encoding="UTF-8"?>
<!-- Generated by org.testng.reporters.JUnitReportReporter -->
<testsuite hostname="Vicky" failures="0" tests="1" name="S3_StgSettingsPositiveScenarios.NomineeDetailsUpdationTest" time="41.565" errors="0" timestamp="2023-11-29T12:49:21 IST" skipped="0">
  <testcase classname="S3_StgSettingsPositiveScenarios.NomineeDetailsUpdationTest" name="accountUpdation" time="41.565"/>
  <system-out/>
</testsuite> <!-- S3_StgSettingsPositiveScenarios.NomineeDetailsUpdationTest -->
