<?xml version="1.0" encoding="UTF-8"?>
<!-- Generated by org.testng.reporters.JUnitReportReporter -->
<testsuite hostname="Vicky" failures="0" tests="1" name="Negative_Scenarious_for_Sprint_1_Stg.SignOutErrors_StgTest" time="9.644" errors="0" timestamp="2023-11-07T12:53:41 IST" skipped="0">
  <testcase classname="Negative_Scenarious_for_Sprint_1_Stg.SignOutErrors_StgTest" name="signOutByClickingOnCancelBtn" time="9.644"/>
  <system-out/>
</testsuite> <!-- Negative_Scenarious_for_Sprint_1_Stg.SignOutErrors_StgTest -->
