<?xml version="1.0" encoding="UTF-8"?>
<!-- Generated by org.testng.reporters.JUnitReportReporter -->
<testsuite hostname="Vicky" failures="0" tests="2" name="Negative_Scenarious_for_Sprint_1and2.LoginErrorsTest" time="11.235" errors="0" timestamp="2023-11-02T18:32:30 IST" skipped="0">
  <testcase classname="Negative_Scenarious_for_Sprint_1and2.LoginErrorsTest" name="loginOTPErrorTest" time="5.177"/>
  <system-out/>
  <testcase classname="Negative_Scenarious_for_Sprint_1and2.LoginErrorsTest" name="loginNumberErrorTest" time="6.058"/>
  <system-out/>
</testsuite> <!-- Negative_Scenarious_for_Sprint_1and2.LoginErrorsTest -->
