<?xml version="1.0" encoding="UTF-8"?>
<!-- Generated by org.testng.reporters.JUnitReportReporter -->
<testsuite hostname="Vicky" failures="0" tests="1" name="s2_Booking_Account_AddingAmount_DataProvider.AddingAmountFromDiffBanksDropdownHardCoding" time="23.138" errors="0" timestamp="2023-11-01T09:08:52 IST" skipped="0">
  <testcase classname="s2_Booking_Account_AddingAmount_DataProvider.AddingAmountFromDiffBanksDropdownHardCoding" name="dropDown" time="23.138"/>
  <system-out/>
</testsuite> <!-- s2_Booking_Account_AddingAmount_DataProvider.AddingAmountFromDiffBanksDropdownHardCoding -->
