<?xml version="1.0" encoding="UTF-8"?>
<!-- Generated by org.testng.reporters.JUnitReportReporter -->
<testsuite hostname="Vicky" failures="0" tests="1" name="StgSettings.AccountUpdationTest" time="11.070" errors="0" timestamp="2023-11-13T12:57:43 IST" skipped="0">
  <testcase classname="StgSettings.AccountUpdationTest" name="accountUpdation" time="11.070"/>
  <system-out/>
</testsuite> <!-- StgSettings.AccountUpdationTest -->
