<?xml version="1.0" encoding="UTF-8"?>
<!-- Generated by org.testng.reporters.JUnitReportReporter -->
<testsuite hostname="Vicky" failures="0" tests="1" name="s1_Schemes.IndividualScriptsCreateAnAccountLoginCreateSchemeLogout" time="9.944" errors="0" timestamp="2023-11-01T10:20:34 IST" skipped="0">
  <testcase classname="s1_Schemes.IndividualScriptsCreateAnAccountLoginCreateSchemeLogout" name="loginToApplication" time="9.944"/>
  <system-out/>
</testsuite> <!-- s1_Schemes.IndividualScriptsCreateAnAccountLoginCreateSchemeLogout -->
