<?xml version="1.0" encoding="UTF-8"?>
<!-- Generated by org.testng.reporters.JUnitReportReporter -->
<testsuite hostname="Vicky" failures="0" tests="1" name="StgSettings.AccountUpdation" time="10.003" errors="0" timestamp="2023-11-13T12:55:38 IST" skipped="0">
  <testcase classname="StgSettings.AccountUpdation" name="accountUpdation" time="10.003"/>
  <system-out/>
</testsuite> <!-- StgSettings.AccountUpdation -->
