<?xml version="1.0" encoding="UTF-8"?>
<!-- Generated by org.testng.reporters.JUnitReportReporter -->
<testsuite hostname="Vicky" failures="0" tests="1" name="S1_Demo_Folder.BookingAccountMoneyDepositTest" time="41.840" errors="0" timestamp="2023-11-28T13:12:56 IST" skipped="0">
  <testcase classname="S1_Demo_Folder.BookingAccountMoneyDepositTest" name="addingAmountToWalletTest" time="41.840"/>
  <system-out/>
</testsuite> <!-- S1_Demo_Folder.BookingAccountMoneyDepositTest -->
