<?xml version="1.0" encoding="UTF-8"?>
<!-- Generated by org.testng.reporters.JUnitReportReporter -->
<testsuite hostname="Vicky" failures="0" tests="1" name="LiveSettings.AddressDetailsUpdationTest" time="7.808" errors="0" timestamp="2023-10-30T11:30:34 IST" skipped="0">
  <testcase classname="LiveSettings.AddressDetailsUpdationTest" name="accountDeletion" time="7.808"/>
  <system-out/>
</testsuite> <!-- LiveSettings.AddressDetailsUpdationTest -->
