<?xml version="1.0" encoding="UTF-8"?>
<!-- Generated by org.testng.reporters.JUnitReportReporter -->
<testsuite hostname="Vicky" failures="0" tests="1" name="S3_StgSettingsPositiveScenarios.AddressDetailsUpdationDeletionMakingPrimaryTest" time="16.631" errors="0" timestamp="2023-12-05T21:44:49 IST" skipped="0">
  <testcase classname="S3_StgSettingsPositiveScenarios.AddressDetailsUpdationDeletionMakingPrimaryTest" name="addressDeletionAccept" time="16.631"/>
  <system-out/>
</testsuite> <!-- S3_StgSettingsPositiveScenarios.AddressDetailsUpdationDeletionMakingPrimaryTest -->
