<?xml version="1.0" encoding="UTF-8"?>
<!-- Generated by org.testng.reporters.JUnitReportReporter -->
<testsuite hostname="Vicky" failures="0" tests="1" name="Negative_Scenarious_for_Sprint_1_Stg.Done_SignUpModuleNegativeScenarios_1_Stg" time="19.061" errors="0" timestamp="2023-11-07T12:35:21 IST" skipped="0">
  <testcase classname="Negative_Scenarious_for_Sprint_1_Stg.Done_SignUpModuleNegativeScenarios_1_Stg" name="whileSignIntoApplicationInvalidEmailErrorTest" time="19.061"/>
  <system-out/>
</testsuite> <!-- Negative_Scenarious_for_Sprint_1_Stg.Done_SignUpModuleNegativeScenarios_1_Stg -->
