<?xml version="1.0" encoding="UTF-8"?>
<!-- Generated by org.testng.reporters.JUnitReportReporter -->
<testsuite hostname="Vicky" failures="0" tests="1" name="Negative_Scenarious_for_Sprint_1_Stg.BaseClassLoginErrors" time="10.985" errors="0" timestamp="2023-11-04T14:53:33 IST" skipped="0">
  <testcase classname="Negative_Scenarious_for_Sprint_1_Stg.BaseClassLoginErrors" name="withoutGivingAnyDetailsInSchemesPage" time="10.985"/>
  <system-out/>
</testsuite> <!-- Negative_Scenarious_for_Sprint_1_Stg.BaseClassLoginErrors -->
