<?xml version="1.0" encoding="UTF-8"?>
<!-- Generated by org.testng.reporters.JUnitReportReporter -->
<testsuite hostname="Vicky" failures="0" tests="1" name="Sample.GoldboxNewApplTest" time="3.001" errors="0" timestamp="2023-11-16T17:17:00 IST" skipped="0">
  <testcase classname="Sample.GoldboxNewApplTest" name="testing" time="3.001"/>
  <system-out/>
</testsuite> <!-- Sample.GoldboxNewApplTest -->
