<?xml version="1.0" encoding="UTF-8"?>
<!-- Generated by org.testng.reporters.JUnitReportReporter -->
<testsuite hostname="Vicky" failures="0" tests="1" name="LiveSettings.NomineeDetailsUpdationTest" time="18.829" errors="0" timestamp="2023-10-31T13:50:36 IST" skipped="0">
  <testcase classname="LiveSettings.NomineeDetailsUpdationTest" name="nomineeUpdation" time="18.829"/>
  <system-out/>
</testsuite> <!-- LiveSettings.NomineeDetailsUpdationTest -->
