<?xml version="1.0" encoding="UTF-8"?>
<!-- Generated by org.testng.reporters.JUnitReportReporter -->
<testsuite hostname="DESKTOP-B5HII1M" failures="0" tests="1" name="s1_Schemes.Demo_CreateAnAccountLoginCreateSchemeLogout" time="30.741" errors="0" timestamp="2023-10-25T11:26:22 IST" skipped="0">
  <testcase classname="s1_Schemes.Demo_CreateAnAccountLoginCreateSchemeLogout" name="createAnAccountLoginCreateSchemeLogout" time="30.741"/>
  <system-out/>
</testsuite> <!-- s1_Schemes.Demo_CreateAnAccountLoginCreateSchemeLogout -->
