<?xml version="1.0" encoding="UTF-8"?>
<!-- Generated by org.testng.reporters.JUnitReportReporter -->
<testsuite hostname="Vicky" failures="0" tests="2" name="Negative_Scenarious_for_Sprint_1.LoginErrorsTest" time="18.535" errors="0" timestamp="2023-11-03T09:21:59 IST" skipped="0">
  <testcase classname="Negative_Scenarious_for_Sprint_1.LoginErrorsTest" name="loginByGivingAlreadyRegisteredMobileNumberOTPTest" time="9.455"/>
  <system-out/>
  <testcase classname="Negative_Scenarious_for_Sprint_1.LoginErrorsTest" name="loginByGivingUn_RegisteredMobileNumberErrorTest" time="9.080"/>
  <system-out/>
</testsuite> <!-- Negative_Scenarious_for_Sprint_1.LoginErrorsTest -->
