<?xml version="1.0" encoding="UTF-8"?>
<!-- Generated by org.testng.reporters.JUnitReportReporter -->
<testsuite hostname="Vicky" failures="0" tests="1" name="S1_Demo_Folder.BookingAccountMoneyDepositTest" time="43.186" errors="0" timestamp="2023-11-28T12:36:16 IST" skipped="0">
  <testcase classname="S1_Demo_Folder.BookingAccountMoneyDepositTest" name="addingAmountToWalletTest" time="43.186"/>
  <system-out/>
</testsuite> <!-- S1_Demo_Folder.BookingAccountMoneyDepositTest -->
