<?xml version="1.0" encoding="UTF-8"?>
<!-- Generated by org.testng.reporters.JUnitReportReporter -->
<testsuite hostname="Vicky" failures="0" tests="1" name="LiveSettings.AccountUpdationTest" time="5.946" errors="0" timestamp="2023-10-31T20:00:13 IST" skipped="0">
  <testcase classname="LiveSettings.AccountUpdationTest" name="accountUpdation" time="5.946"/>
  <system-out/>
</testsuite> <!-- LiveSettings.AccountUpdationTest -->
