<?xml version="1.0" encoding="UTF-8"?>
<!-- Generated by org.testng.reporters.JUnitReportReporter -->
<testsuite hostname="Vicky" failures="0" tests="7" name="Negative_Scenarious_for_Sprint_1.SignUpModuleNegativeScenarios_1" time="104.160" errors="0" timestamp="2023-11-03T16:21:36 IST" skipped="0">
  <testcase classname="Negative_Scenarious_for_Sprint_1.SignUpModuleNegativeScenarios_1" name="whileSignIntoApplicationGivenWrongReferralCodeError" time="11.445"/>
  <system-out/>
  <testcase classname="Negative_Scenarious_for_Sprint_1.SignUpModuleNegativeScenarios_1" name="whileSignIntoApplicationPhoneNumberNotGivenErrorTest" time="23.438"/>
  <system-out/>
  <testcase classname="Negative_Scenarious_for_Sprint_1.SignUpModuleNegativeScenarios_1" name="whileSignIntoApplicationSkipNameError" time="5.009"/>
  <system-out/>
  <testcase classname="Negative_Scenarious_for_Sprint_1.SignUpModuleNegativeScenarios_1" name="whileSignIntoApplicationEmailErrorTest" time="26.384"/>
  <system-out/>
  <testcase classname="Negative_Scenarious_for_Sprint_1.SignUpModuleNegativeScenarios_1" name="whileSignIntoApplicationEnterMoreThan10NumbersInMobileNumTextFieldErrorTest" time="9.191"/>
  <system-out/>
  <testcase classname="Negative_Scenarious_for_Sprint_1.SignUpModuleNegativeScenarios_1" name="whileSignIntoApplicationPhoneNumberGivenErrorTest" time="19.900"/>
  <system-out/>
  <testcase classname="Negative_Scenarious_for_Sprint_1.SignUpModuleNegativeScenarios_1" name="whileSignIntoApplicationSkipHeardAboutUsDropDwnValueError" time="8.793"/>
  <system-out/>
</testsuite> <!-- Negative_Scenarious_for_Sprint_1.SignUpModuleNegativeScenarios_1 -->
