<?xml version="1.0" encoding="UTF-8"?>
<!-- Generated by org.testng.reporters.JUnitReportReporter -->
<testsuite hostname="Vicky" failures="0" tests="1" name="Settings.AccountUpdation" time="27.154" errors="0" timestamp="2023-10-27T12:11:54 IST" skipped="0">
  <testcase classname="Settings.AccountUpdation" name="accountUpdation" time="27.154"/>
  <system-out/>
</testsuite> <!-- Settings.AccountUpdation -->
