<?xml version="1.0" encoding="UTF-8"?>
<!-- Generated by org.testng.reporters.JUnitReportReporter -->
<testsuite hostname="Vicky" failures="0" tests="1" name="Demo_Folder.Ok_Demo_LoginBookingAccountDepositMoneyTest" time="45.703" errors="0" timestamp="2023-11-16T09:20:12 IST" skipped="0">
  <testcase classname="Demo_Folder.Ok_Demo_LoginBookingAccountDepositMoneyTest" name="addingAmountToWalletTest" time="45.703"/>
  <system-out/>
</testsuite> <!-- Demo_Folder.Ok_Demo_LoginBookingAccountDepositMoneyTest -->
