<?xml version="1.0" encoding="UTF-8"?>
<!-- Generated by org.testng.reporters.JUnitReportReporter -->
<testsuite hostname="Vicky" failures="0" tests="1" name="Negative_Scenarious_for_Sprint_1_Stg.Done_SignOutErrors_StgTest" time="12.554" errors="0" timestamp="2023-11-08T15:48:55 IST" skipped="0">
  <testcase classname="Negative_Scenarious_for_Sprint_1_Stg.Done_SignOutErrors_StgTest" name="signOutByClickingOnCancelBtnErrorTest" time="12.554"/>
  <system-out/>
</testsuite> <!-- Negative_Scenarious_for_Sprint_1_Stg.Done_SignOutErrors_StgTest -->
