<?xml version="1.0" encoding="UTF-8"?>
<!-- Generated by org.testng.reporters.JUnitReportReporter -->
<testsuite hostname="Vicky" failures="0" tests="1" name="Negative_Scenarious_for_Sprint_1.Amazon" time="5.487" errors="0" timestamp="2023-11-03T12:00:36 IST" skipped="0">
  <testcase classname="Negative_Scenarious_for_Sprint_1.Amazon" name="amazon" time="5.487"/>
  <system-out/>
</testsuite> <!-- Negative_Scenarious_for_Sprint_1.Amazon -->
