<?xml version="1.0" encoding="UTF-8"?>
<!-- Generated by org.testng.reporters.JUnitReportReporter -->
<testsuite hostname="Vicky" failures="0" tests="1" name="s2_GoldSuvidha.SellGoldAmountAddingToBookingAccountTest" time="20.629" errors="0" timestamp="2023-10-26T21:33:28 IST" skipped="0">
  <testcase classname="s2_GoldSuvidha.SellGoldAmountAddingToBookingAccountTest" name="sellGold" time="20.629"/>
  <system-out/>
</testsuite> <!-- s2_GoldSuvidha.SellGoldAmountAddingToBookingAccountTest -->
