<?xml version="1.0" encoding="UTF-8"?>
<!-- Generated by org.testng.reporters.JUnitReportReporter -->
<testsuite hostname="Vicky" failures="0" tests="1" name="LiveSettings.KycUpdationTest" time="24.685" errors="0" timestamp="2023-10-31T20:16:54 IST" skipped="0">
  <testcase classname="LiveSettings.KycUpdationTest" name="kycUpdation" time="24.685"/>
  <system-out/>
</testsuite> <!-- LiveSettings.KycUpdationTest -->
