<?xml version="1.0" encoding="UTF-8"?>
<!-- Generated by org.testng.reporters.JUnitReportReporter -->
<testsuite hostname="Vicky" failures="0" tests="1" name="S3_StgSettingsPositiveScenarios.NomineeDetailsUpdationTest" time="41.802" errors="0" timestamp="2023-12-05T15:41:11 IST" skipped="0">
  <testcase classname="S3_StgSettingsPositiveScenarios.NomineeDetailsUpdationTest" name="accountUpdation" time="41.802"/>
  <system-out/>
</testsuite> <!-- S3_StgSettingsPositiveScenarios.NomineeDetailsUpdationTest -->
