<?xml version="1.0" encoding="UTF-8"?>
<!-- Generated by org.testng.reporters.JUnitReportReporter -->
<testsuite hostname="Vicky" failures="0" tests="1" name="StgSettings.NomineeDetailsUpdationTest" time="37.370" errors="0" timestamp="2023-10-30T18:22:32 IST" skipped="0">
  <testcase classname="StgSettings.NomineeDetailsUpdationTest" name="accountUpdation" time="37.370"/>
  <system-out/>
</testsuite> <!-- StgSettings.NomineeDetailsUpdationTest -->
