<?xml version="1.0" encoding="UTF-8"?>
<!-- Generated by org.testng.reporters.JUnitReportReporter -->
<testsuite hostname="Vicky" failures="0" tests="1" name="LiveSettings.KycUpdation" time="23.096" errors="0" timestamp="2023-10-29T16:19:55 IST" skipped="0">
  <testcase classname="LiveSettings.KycUpdation" name="accountUpdation" time="23.096"/>
  <system-out/>
</testsuite> <!-- LiveSettings.KycUpdation -->
