<?xml version="1.0" encoding="UTF-8"?>
<!-- Generated by org.testng.reporters.JUnitReportReporter -->
<testsuite hostname="Vicky" failures="0" tests="3" name="Negative_Scenarious_for_Sprint_1and2.SignUpModuleNegativeScenarious" time="34.714" errors="0" timestamp="2023-11-02T16:22:55 IST" skipped="0">
  <testcase classname="Negative_Scenarious_for_Sprint_1and2.SignUpModuleNegativeScenarious" name="whileSignIntoApplicationPhoneNumberErrorTest" time="13.273"/>
  <system-out/>
  <testcase classname="Negative_Scenarious_for_Sprint_1and2.SignUpModuleNegativeScenarious" name="whileSignIntoApplicationReferralCodeError" time="7.265"/>
  <system-out/>
  <testcase classname="Negative_Scenarious_for_Sprint_1and2.SignUpModuleNegativeScenarious" name="whileSignIntoApplicationEmailErrorTest" time="14.176"/>
  <system-out/>
</testsuite> <!-- Negative_Scenarious_for_Sprint_1and2.SignUpModuleNegativeScenarious -->
