<?xml version="1.0" encoding="UTF-8"?>
<!-- Generated by org.testng.reporters.JUnitReportReporter -->
<testsuite hostname="Vicky" failures="0" tests="1" name="S3_StgSettingsPositiveScenarios.AccountUpdation1Test" time="10.089" errors="0" timestamp="2023-11-20T15:48:16 IST" skipped="0">
  <testcase classname="S3_StgSettingsPositiveScenarios.AccountUpdation1Test" name="accountUpdationTest" time="10.089"/>
  <system-out/>
</testsuite> <!-- S3_StgSettingsPositiveScenarios.AccountUpdation1Test -->
