<?xml version="1.0" encoding="UTF-8"?>
<!-- Generated by org.testng.reporters.JUnitReportReporter -->
<testsuite hostname="Vicky" failures="0" tests="1" name="S3_StgSettingsPositive_2.AccountUpdationExampleHardCodingTest" time="9.275" errors="0" timestamp="2023-11-27T15:20:48 IST" skipped="0">
  <testcase classname="S3_StgSettingsPositive_2.AccountUpdationExampleHardCodingTest" name="accountUpdationTest" time="9.275"/>
  <system-out/>
</testsuite> <!-- S3_StgSettingsPositive_2.AccountUpdationExampleHardCodingTest -->
