<?xml version="1.0" encoding="UTF-8"?>
<!-- Generated by org.testng.reporters.JUnitReportReporter -->
<testsuite hostname="Vicky" failures="0" tests="1" name="FlipkartDemo.One" time="5.364" errors="0" timestamp="2023-11-23T16:22:46 IST" skipped="0">
  <testcase classname="FlipkartDemo.One" name="abc" time="5.364"/>
  <system-out/>
</testsuite> <!-- FlipkartDemo.One -->
