<?xml version="1.0" encoding="UTF-8"?>
<!-- Generated by org.testng.reporters.JUnitReportReporter -->
<testsuite hostname="Vicky" failures="0" tests="1" name="Negative_Scenarious_for_SignupLoginSchemesDepositAmountSprint_1_Stg.Done_SignOutErrors_StgTest" time="11.674" errors="0" timestamp="2023-11-15T10:15:42 IST" skipped="0">
  <testcase classname="Negative_Scenarious_for_SignupLoginSchemesDepositAmountSprint_1_Stg.Done_SignOutErrors_StgTest" name="signOutByClickingOnCancelBtnErrorTest" time="11.674"/>
  <system-out/>
</testsuite> <!-- Negative_Scenarious_for_SignupLoginSchemesDepositAmountSprint_1_Stg.Done_SignOutErrors_StgTest -->
