<?xml version="1.0" encoding="UTF-8"?>
<!-- Generated by org.testng.reporters.JUnitReportReporter -->
<testsuite hostname="Vicky" failures="0" tests="1" name="FlipkartDemo.OrangeHrm" time="18.300" errors="0" timestamp="2023-12-04T13:52:00 IST" skipped="0">
  <testcase classname="FlipkartDemo.OrangeHrm" name="drpdwn" time="18.300"/>
  <system-out/>
</testsuite> <!-- FlipkartDemo.OrangeHrm -->
