<?xml version="1.0" encoding="UTF-8"?>
<!-- Generated by org.testng.reporters.JUnitReportReporter -->
<testsuite hostname="Vicky" failures="0" tests="1" name="FlipkartDemo.OrangeHrm" time="3.870" errors="0" timestamp="2023-12-04T11:15:53 IST" skipped="0">
  <testcase classname="FlipkartDemo.OrangeHrm" name="drpdwn" time="3.870"/>
  <system-out/>
</testsuite> <!-- FlipkartDemo.OrangeHrm -->
