<?xml version="1.0" encoding="UTF-8"?>
<!-- Generated by org.testng.reporters.JUnitReportReporter -->
<testsuite hostname="Vicky" failures="0" tests="1" name="S2_Negative_Scenarious_for_SignupLoginSchemesDepositAmountSprint_1_Stg.Done_SignOutErrors_StgTest" time="12.078" errors="0" timestamp="2023-11-20T15:07:25 IST" skipped="0">
  <testcase classname="S2_Negative_Scenarious_for_SignupLoginSchemesDepositAmountSprint_1_Stg.Done_SignOutErrors_StgTest" name="signOutByClickingOnCancelBtnErrorTest" time="12.078"/>
  <system-out/>
</testsuite> <!-- S2_Negative_Scenarious_for_SignupLoginSchemesDepositAmountSprint_1_Stg.Done_SignOutErrors_StgTest -->
