<?xml version="1.0" encoding="UTF-8"?>
<!-- Generated by org.testng.reporters.JUnitReportReporter -->
<testsuite hostname="Vicky" failures="0" tests="1" name="S1_Demo_Folder.Demo_CreateAnAccountLoginSchemeSubscriptionWithBankingAndBookingAccLogoutTest" time="67.156" errors="0" timestamp="2023-11-17T12:12:39 IST" skipped="0">
  <testcase classname="S1_Demo_Folder.Demo_CreateAnAccountLoginSchemeSubscriptionWithBankingAndBookingAccLogoutTest" name="createAnAccountLoginCreateSchemeLogoutTest" time="67.156"/>
  <system-out/>
</testsuite> <!-- S1_Demo_Folder.Demo_CreateAnAccountLoginSchemeSubscriptionWithBankingAndBookingAccLogoutTest -->
