<?xml version="1.0" encoding="UTF-8"?>
<!-- Generated by org.testng.reporters.JUnitReportReporter -->
<testsuite hostname="Vicky" failures="0" tests="1" name="S1_Demo_Folder.BookingAccountMoneyDepositTest" time="46.100" errors="0" timestamp="2023-11-29T13:01:44 IST" skipped="0">
  <testcase classname="S1_Demo_Folder.BookingAccountMoneyDepositTest" name="addingAmountToWalletTest" time="46.100"/>
  <system-out/>
</testsuite> <!-- S1_Demo_Folder.BookingAccountMoneyDepositTest -->
