<?xml version="1.0" encoding="UTF-8"?>
<!-- Generated by org.testng.reporters.JUnitReportReporter -->
<testsuite hostname="Vicky" failures="0" tests="1" name="Negative_Scenarious_for_Sprint_1.Done_LoginErrorsTest_2" time="11.071" errors="0" timestamp="2023-11-03T21:25:11 IST" skipped="0">
  <testcase classname="Negative_Scenarious_for_Sprint_1.Done_LoginErrorsTest_2" name="loginByGivingAlreadyRegisteredMobileNumberOTPTest" time="11.071"/>
  <system-out/>
</testsuite> <!-- Negative_Scenarious_for_Sprint_1.Done_LoginErrorsTest_2 -->
