<?xml version="1.0" encoding="UTF-8"?>
<!-- Generated by org.testng.reporters.JUnitReportReporter -->
<testsuite hostname="Vicky" failures="0" tests="1" name="LiveSettings.OkProfileUpdationTest" time="7.270" errors="0" timestamp="2023-10-31T22:50:15 IST" skipped="0">
  <testcase classname="LiveSettings.OkProfileUpdationTest" name="profileUpdationTest" time="7.270"/>
  <system-out/>
</testsuite> <!-- LiveSettings.OkProfileUpdationTest -->
