<?xml version="1.0" encoding="UTF-8"?>
<!-- Generated by org.testng.reporters.JUnitReportReporter -->
<testsuite hostname="Vicky" failures="0" tests="3" name="s1_Schemes.IndividualScriptsCreateAnAccountLoginCreateSchemeLogout" time="52.869" errors="0" timestamp="2023-11-20T14:57:36 IST" skipped="0">
  <testcase classname="s1_Schemes.IndividualScriptsCreateAnAccountLoginCreateSchemeLogout" name="loginToApplication" time="6.220"/>
  <system-out/>
  <testcase classname="s1_Schemes.IndividualScriptsCreateAnAccountLoginCreateSchemeLogout" name="logoutOfApplication" time="16.524"/>
  <system-out/>
  <testcase classname="s1_Schemes.IndividualScriptsCreateAnAccountLoginCreateSchemeLogout" name="signIntoApplication" time="30.125"/>
  <system-out/>
</testsuite> <!-- s1_Schemes.IndividualScriptsCreateAnAccountLoginCreateSchemeLogout -->
