<?xml version="1.0" encoding="UTF-8"?>
<!-- Generated by org.testng.reporters.JUnitReportReporter -->
<testsuite hostname="Vicky" failures="0" tests="3" name="LiveSettings.BankAccountUpdation" time="42.180" errors="0" timestamp="2023-10-31T19:57:08 IST" skipped="0">
  <testcase classname="LiveSettings.BankAccountUpdation" name="accountUpdation" time="10.781"/>
  <system-out/>
  <testcase classname="LiveSettings.BankAccountUpdation" name="editBankAccountDetails" time="6.432"/>
  <system-out/>
  <testcase classname="LiveSettings.BankAccountUpdation" name="deleteBankAccountDetails" time="24.967"/>
  <system-out/>
</testsuite> <!-- LiveSettings.BankAccountUpdation -->
