<?xml version="1.0" encoding="UTF-8"?>
<!-- Generated by org.testng.reporters.JUnitReportReporter -->
<testsuite hostname="Vicky" failures="0" tests="1" name="Negative_Scenarios_for_Sprint_1_Live_Appl.SignUpModuleNegativeScenarios_1_Stg" time="12.408" errors="0" timestamp="2023-11-04T09:32:21 IST" skipped="0">
  <testcase classname="Negative_Scenarios_for_Sprint_1_Live_Appl.SignUpModuleNegativeScenarios_1_Stg" name="whileSignIntoApplicationEmailErrorTest" time="12.408"/>
  <system-out/>
</testsuite> <!-- Negative_Scenarios_for_Sprint_1_Live_Appl.SignUpModuleNegativeScenarios_1_Stg -->
