<?xml version="1.0" encoding="UTF-8"?>
<!-- Generated by org.testng.reporters.JUnitReportReporter -->
<testsuite hostname="Vicky" failures="0" tests="1" name="S1_Demo_Folder.SchemeSubscriptionWithBankingAndBookingAccTest" time="79.321" errors="0" timestamp="2023-11-28T12:25:54 IST" skipped="0">
  <testcase classname="S1_Demo_Folder.SchemeSubscriptionWithBankingAndBookingAccTest" name="createAnAccountLoginCreateSchemeLogoutTest" time="79.321"/>
  <system-out/>
</testsuite> <!-- S1_Demo_Folder.SchemeSubscriptionWithBankingAndBookingAccTest -->
