<?xml version="1.0" encoding="UTF-8"?>
<!-- Generated by org.testng.reporters.JUnitReportReporter -->
<testsuite hostname="Vicky" failures="0" tests="1" name="StgSettings.KycUpdationTest" time="30.773" errors="0" timestamp="2023-10-30T16:52:11 IST" skipped="0">
  <testcase classname="StgSettings.KycUpdationTest" name="kycUpdation" time="30.773"/>
  <system-out/>
</testsuite> <!-- StgSettings.KycUpdationTest -->
