<?xml version="1.0" encoding="UTF-8"?>
<!-- Generated by org.testng.reporters.JUnitReportReporter -->
<testsuite hostname="Vicky" failures="0" tests="1" name="S3_StgSettingsPositiveScenarios.KycUpdationTest" time="26.316" errors="0" timestamp="2023-12-01T14:00:08 IST" skipped="0">
  <testcase classname="S3_StgSettingsPositiveScenarios.KycUpdationTest" name="kycUpdation2" time="26.316"/>
  <system-out/>
</testsuite> <!-- S3_StgSettingsPositiveScenarios.KycUpdationTest -->
