<?xml version="1.0" encoding="UTF-8"?>
<!-- Generated by org.testng.reporters.JUnitReportReporter -->
<testsuite hostname="Vicky" failures="0" tests="1" name="S2_Negative_Scenarious_for_SignupLoginSchemesDepositAmountSprint_1_Stg.Done_SignUpModuleNegativeScenarios_StgTest" time="28.451" errors="0" timestamp="2023-11-30T20:53:07 IST" skipped="0">
  <testcase classname="S2_Negative_Scenarious_for_SignupLoginSchemesDepositAmountSprint_1_Stg.Done_SignUpModuleNegativeScenarios_StgTest" name="whileSignIntoApplicationGivenEmailAsOnlySpecialCharsErrorTest" time="28.451"/>
  <system-out/>
</testsuite> <!-- S2_Negative_Scenarious_for_SignupLoginSchemesDepositAmountSprint_1_Stg.Done_SignUpModuleNegativeScenarios_StgTest -->
