<?xml version="1.0" encoding="UTF-8"?>
<!-- Generated by org.testng.reporters.JUnitReportReporter -->
<testsuite hostname="Vicky" failures="0" tests="1" name="Negative_Scenarious_for_Sprint_1_Stg.BaseClassSchemesErrors_StgTest" time="43.473" errors="0" timestamp="2023-11-08T18:09:52 IST" skipped="0">
  <testcase classname="Negative_Scenarious_for_Sprint_1_Stg.BaseClassSchemesErrors_StgTest" name="takingScreenshotofRecentlySubscribedSchemeAfterDownlodingTest" time="43.473"/>
  <system-out/>
</testsuite> <!-- Negative_Scenarious_for_Sprint_1_Stg.BaseClassSchemesErrors_StgTest -->
