<?xml version="1.0" encoding="UTF-8"?>
<!-- Generated by org.testng.reporters.JUnitReportReporter -->
<testsuite hostname="Vicky" failures="0" tests="1" name="s2_Booking_Account_AddingAmount.Demo_LoginBookingAccountDepositMoney" time="29.698" errors="0" timestamp="2023-11-03T09:35:04 IST" skipped="0">
  <testcase classname="s2_Booking_Account_AddingAmount.Demo_LoginBookingAccountDepositMoney" name="addingAmountToWallet" time="29.698"/>
  <system-out/>
</testsuite> <!-- s2_Booking_Account_AddingAmount.Demo_LoginBookingAccountDepositMoney -->
