<?xml version="1.0" encoding="UTF-8"?>
<!-- Generated by org.testng.reporters.JUnitReportReporter -->
<testsuite hostname="Vicky" failures="0" tests="3" name="LiveSettings.AddressDetailsUpdationDeletionMakingPrimaryTest" time="31.068" errors="0" timestamp="2023-10-31T19:59:27 IST" skipped="0">
  <testcase classname="LiveSettings.AddressDetailsUpdationDeletionMakingPrimaryTest" name="addressUpdation" time="9.016"/>
  <system-out/>
  <testcase classname="LiveSettings.AddressDetailsUpdationDeletionMakingPrimaryTest" name="edtingExistingAddress" time="7.202"/>
  <system-out/>
  <testcase classname="LiveSettings.AddressDetailsUpdationDeletionMakingPrimaryTest" name="addressDeletion" time="14.850"/>
  <system-out/>
</testsuite> <!-- LiveSettings.AddressDetailsUpdationDeletionMakingPrimaryTest -->
