<?xml version="1.0" encoding="UTF-8"?>
<!-- Generated by org.testng.reporters.JUnitReportReporter -->
<testsuite hostname="Vicky" failures="0" tests="3" name="Negative_Scenarious_for_Sprint_1.SignUpModuleNegativeScenarious" time="48.696" errors="0" timestamp="2023-11-03T09:09:13 IST" skipped="0">
  <testcase classname="Negative_Scenarious_for_Sprint_1.SignUpModuleNegativeScenarious" name="whileSignIntoApplicationPhoneNumberErrorTest" time="18.912"/>
  <system-out/>
  <testcase classname="Negative_Scenarious_for_Sprint_1.SignUpModuleNegativeScenarious" name="whileSignIntoApplicationEmailErrorTest" time="19.986"/>
  <system-out/>
  <testcase classname="Negative_Scenarious_for_Sprint_1.SignUpModuleNegativeScenarious" name="whileSignIntoApplicationReferralCodeError" time="9.798"/>
  <system-out/>
</testsuite> <!-- Negative_Scenarious_for_Sprint_1.SignUpModuleNegativeScenarious -->
