<?xml version="1.0" encoding="UTF-8"?>
<!-- Generated by org.testng.reporters.JUnitReportReporter -->
<testsuite hostname="DESKTOP-B5HII1M" failures="0" tests="1" name="s1_Schemes.LiveSchemes" time="9.072" errors="0" timestamp="2023-10-25T12:09:49 IST" skipped="0">
  <testcase classname="s1_Schemes.LiveSchemes" name="createAnAccountLoginCreateSchemeLogout" time="9.072"/>
  <system-out/>
</testsuite> <!-- s1_Schemes.LiveSchemes -->
