<?xml version="1.0" encoding="UTF-8"?>
<!-- Generated by org.testng.reporters.JUnitReportReporter -->
<testsuite hostname="Vicky" failures="0" tests="1" name="Negative_Scenarious_for_Sprint_1.BookingAccountDebitCardNegativeScenariosTest" time="11.560" errors="0" timestamp="2023-11-03T10:47:46 IST" skipped="0">
  <testcase classname="Negative_Scenarious_for_Sprint_1.BookingAccountDebitCardNegativeScenariosTest" name="addingAmountToWallet" time="11.560"/>
  <system-out/>
</testsuite> <!-- Negative_Scenarious_for_Sprint_1.BookingAccountDebitCardNegativeScenariosTest -->
