<?xml version="1.0" encoding="UTF-8"?>
<!-- Generated by org.testng.reporters.JUnitReportReporter -->
<testsuite hostname="Vicky" failures="0" tests="1" name="Demo_Folder.Demo_CreateAnAccountLoginSchemeSubscriptionWithBankingAndBookingAccLogoutTest" time="66.320" errors="0" timestamp="2023-11-16T09:20:12 IST" skipped="0">
  <testcase classname="Demo_Folder.Demo_CreateAnAccountLoginSchemeSubscriptionWithBankingAndBookingAccLogoutTest" name="createAnAccountLoginCreateSchemeLogoutTest" time="66.320"/>
  <system-out/>
</testsuite> <!-- Demo_Folder.Demo_CreateAnAccountLoginSchemeSubscriptionWithBankingAndBookingAccLogoutTest -->
