<?xml version="1.0" encoding="UTF-8"?>
<!-- Generated by org.testng.reporters.JUnitReportReporter -->
<testsuite hostname="Vicky" failures="0" tests="1" name="Demo_Folder.Demo_LoginBookingAccountDepositMoney" time="42.707" errors="0" timestamp="2023-10-31T10:04:10 IST" skipped="0">
  <testcase classname="Demo_Folder.Demo_LoginBookingAccountDepositMoney" name="addingAmountToWallet" time="42.707"/>
  <system-out/>
</testsuite> <!-- Demo_Folder.Demo_LoginBookingAccountDepositMoney -->
