<?xml version="1.0" encoding="UTF-8"?>
<!-- Generated by org.testng.reporters.JUnitReportReporter -->
<testsuite hostname="Vicky" failures="0" tests="1" name="s2_Booking_Account_AddingAmount_DataProvider.DepositAmountStgAppl_PASSED" time="31.219" errors="0" timestamp="2023-11-01T09:38:42 IST" skipped="0">
  <testcase classname="s2_Booking_Account_AddingAmount_DataProvider.DepositAmountStgAppl_PASSED" name="deposit" time="31.219"/>
  <system-out/>
</testsuite> <!-- s2_Booking_Account_AddingAmount_DataProvider.DepositAmountStgAppl_PASSED -->
