<?xml version="1.0" encoding="UTF-8"?>
<!-- Generated by org.testng.reporters.JUnitReportReporter -->
<testsuite hostname="Vicky" failures="0" tests="1" name="Demo_Folder.Demo_CreateAnAccountLoginSchemeSubscriptionWithBankingAndBookingAccLogout" time="60.123" errors="0" timestamp="2023-11-12T15:00:58 IST" skipped="0">
  <testcase classname="Demo_Folder.Demo_CreateAnAccountLoginSchemeSubscriptionWithBankingAndBookingAccLogout" name="createAnAccountLoginCreateSchemeLogout" time="60.123"/>
  <system-out/>
</testsuite> <!-- Demo_Folder.Demo_CreateAnAccountLoginSchemeSubscriptionWithBankingAndBookingAccLogout -->
