<?xml version="1.0" encoding="UTF-8"?>
<!-- Generated by org.testng.reporters.JUnitReportReporter -->
<testsuite hostname="Vicky" failures="0" tests="1" name="S3_StgSettingsNegativeScenarios.AccountUpdation" time="9.367" errors="0" timestamp="2023-11-17T12:42:58 IST" skipped="0">
  <testcase classname="S3_StgSettingsNegativeScenarios.AccountUpdation" name="accountUpdationTest" time="9.367"/>
  <system-out/>
</testsuite> <!-- S3_StgSettingsNegativeScenarios.AccountUpdation -->
