<?xml version="1.0" encoding="UTF-8"?>
<!-- Generated by org.testng.reporters.JUnitReportReporter -->
<testsuite hostname="Vicky" failures="0" tests="1" name="s1_Schemes_Live.LiveSchemes" time="7.384" errors="0" timestamp="2023-11-01T07:05:18 IST" skipped="0">
  <testcase classname="s1_Schemes_Live.LiveSchemes" name="createAnAccountLoginCreateSchemeLogout" time="7.384"/>
  <system-out/>
</testsuite> <!-- s1_Schemes_Live.LiveSchemes -->
