<?xml version="1.0" encoding="UTF-8"?>
<!-- Generated by org.testng.reporters.JUnitReportReporter -->
<testsuite hostname="Vicky" failures="0" tests="3" name="LiveSettings.OkAddressDetailsUpdationDeletionMakingPrimaryTest" time="31.678" errors="0" timestamp="2023-10-31T22:25:07 IST" skipped="0">
  <testcase classname="LiveSettings.OkAddressDetailsUpdationDeletionMakingPrimaryTest" name="addressUpdation" time="8.505"/>
  <system-out/>
  <testcase classname="LiveSettings.OkAddressDetailsUpdationDeletionMakingPrimaryTest" name="edtingExistingAddress" time="7.556"/>
  <system-out/>
  <testcase classname="LiveSettings.OkAddressDetailsUpdationDeletionMakingPrimaryTest" name="addressDeletion" time="15.617"/>
  <system-out/>
</testsuite> <!-- LiveSettings.OkAddressDetailsUpdationDeletionMakingPrimaryTest -->
