<?xml version="1.0" encoding="UTF-8"?>
<!-- Generated by org.testng.reporters.JUnitReportReporter -->
<testsuite hostname="Vicky" failures="0" tests="1" name="s1_Schemes.Demo_CreateAnAccountLoginSchemeSubscriptionWithBankingAndBookingAccLogout" time="45.754" errors="0" timestamp="2023-11-07T09:20:50 IST" skipped="0">
  <testcase classname="s1_Schemes.Demo_CreateAnAccountLoginSchemeSubscriptionWithBankingAndBookingAccLogout" name="createAnAccountLoginCreateSchemeLogout" time="45.754"/>
  <system-out/>
</testsuite> <!-- s1_Schemes.Demo_CreateAnAccountLoginSchemeSubscriptionWithBankingAndBookingAccLogout -->
