<?xml version="1.0" encoding="UTF-8"?>
<!-- Generated by org.testng.reporters.JUnitReportReporter -->
<testsuite hostname="Vicky" failures="0" tests="1" name="LiveSettings.OkKycUpdationTest" time="23.927" errors="0" timestamp="2023-10-31T22:48:53 IST" skipped="0">
  <testcase classname="LiveSettings.OkKycUpdationTest" name="kycUpdationTest" time="23.927"/>
  <system-out/>
</testsuite> <!-- LiveSettings.OkKycUpdationTest -->
