<?xml version="1.0" encoding="UTF-8"?>
<!-- Generated by org.testng.reporters.JUnitReportReporter -->
<testsuite hostname="Vicky" failures="0" tests="1" name="Negative_Scenarious_for_Sprint_1and2.SchemesGoldPlusPlanPageErrorsCapturing" time="43.284" errors="0" timestamp="2023-11-02T18:18:27 IST" skipped="0">
  <testcase classname="Negative_Scenarious_for_Sprint_1and2.SchemesGoldPlusPlanPageErrorsCapturing" name="withOutCheckingIagreeCheckBoxErrorCapturing" time="43.284"/>
  <system-out/>
</testsuite> <!-- Negative_Scenarious_for_Sprint_1and2.SchemesGoldPlusPlanPageErrorsCapturing -->
