<?xml version="1.0" encoding="UTF-8"?>
<!-- Generated by org.testng.reporters.JUnitReportReporter -->
<testsuite hostname="Vicky" failures="0" tests="1" name="StgSettings.BankAccountUpdating" time="20.806" errors="0" timestamp="2023-11-13T18:35:27 IST" skipped="0">
  <testcase classname="StgSettings.BankAccountUpdating" name="makingPrimaryAccountToClearExistingDataForNextExecution" time="20.806"/>
  <system-out/>
</testsuite> <!-- StgSettings.BankAccountUpdating -->
