<?xml version="1.0" encoding="UTF-8"?>
<!-- Generated by org.testng.reporters.JUnitReportReporter -->
<testsuite hostname="Vicky" failures="0" tests="1" name="Negative_Scenarious_for_Sprint_1and2.SignUpModuleNegativeScenariousTest" time="14.195" errors="0" timestamp="2023-11-02T16:08:41 IST" skipped="0">
  <testcase classname="Negative_Scenarious_for_Sprint_1and2.SignUpModuleNegativeScenariousTest" name="whileSignIntoApplicationPhoneNumberErrorTest" time="14.195"/>
  <system-out/>
</testsuite> <!-- Negative_Scenarious_for_Sprint_1and2.SignUpModuleNegativeScenariousTest -->
